  [1m[35m (0.1ms)[0m  [1m[34mSELECT sqlite_version(*)[0m
  ↳ bin/rake:9
  [1m[35m (1.3ms)[0m  [1m[35mCREATE TABLE "schema_migrations" ("version" varchar NOT NULL PRIMARY KEY)[0m
  ↳ bin/rake:9
  [1m[35m (0.9ms)[0m  [1m[35mCREATE TABLE "ar_internal_metadata" ("key" varchar NOT NULL PRIMARY KEY, "value" varchar, "created_at" datetime NOT NULL, "updated_at" datetime NOT NULL)[0m
  ↳ bin/rake:9
  [1m[35m (0.1ms)[0m  [1m[34mSELECT "schema_migrations"."version" FROM "schema_migrations" ORDER BY "schema_migrations"."version" ASC[0m
  ↳ bin/rake:9
Migrating to CreateStoreRoutines (20190624070346)
  [1m[35m (0.1ms)[0m  [1m[36mbegin transaction[0m
  ↳ bin/rake:9
  [1m[35m (0.4ms)[0m  [1m[35mCREATE TABLE "store_routines" ("id" integer PRIMARY KEY AUTOINCREMENT NOT NULL, "name" varchar NOT NULL, "description" text, "created_at" datetime NOT NULL, "updated_at" datetime NOT NULL)[0m
  ↳ db/migrate/20190624070346_create_store_routines.rb:3
  [1m[36mActiveRecord::SchemaMigration Create (0.1ms)[0m  [1m[32mINSERT INTO "schema_migrations" ("version") VALUES (?)[0m  [["version", "20190624070346"]]
  ↳ bin/rake:9
  [1m[35m (0.6ms)[0m  [1m[36mcommit transaction[0m
  ↳ bin/rake:9
  [1m[36mActiveRecord::InternalMetadata Load (0.1ms)[0m  [1m[34mSELECT  "ar_internal_metadata".* FROM "ar_internal_metadata" WHERE "ar_internal_metadata"."key" = ? LIMIT ?[0m  [["key", "environment"], ["LIMIT", 1]]
  ↳ bin/rake:9
  [1m[35m (0.0ms)[0m  [1m[36mbegin transaction[0m
  ↳ bin/rake:9
  [1m[36mActiveRecord::InternalMetadata Create (0.2ms)[0m  [1m[32mINSERT INTO "ar_internal_metadata" ("key", "value", "created_at", "updated_at") VALUES (?, ?, ?, ?)[0m  [["key", "environment"], ["value", "development"], ["created_at", "2019-06-24 07:06:12.494022"], ["updated_at", "2019-06-24 07:06:12.494022"]]
  ↳ bin/rake:9
  [1m[35m (0.6ms)[0m  [1m[36mcommit transaction[0m
  ↳ bin/rake:9
  [1m[35m (0.1ms)[0m  [1m[34mSELECT "schema_migrations"."version" FROM "schema_migrations" ORDER BY "schema_migrations"."version" ASC[0m
  ↳ bin/rake:9
  [1m[35m (0.1ms)[0m  [1m[34mSELECT "schema_migrations"."version" FROM "schema_migrations" ORDER BY "schema_migrations"."version" ASC[0m
  ↳ bin/rake:9
Migrating to CreateStoreShifts (20190624070803)
  [1m[35m (0.0ms)[0m  [1m[36mbegin transaction[0m
  ↳ bin/rake:9
  [1m[35m (0.1ms)[0m  [1m[34mSELECT sqlite_version(*)[0m
  ↳ db/migrate/20190624070803_create_store_shifts.rb:3
  [1m[35m (0.4ms)[0m  [1m[35mCREATE TABLE "store_shifts" ("id" integer PRIMARY KEY AUTOINCREMENT NOT NULL, "start" varchar NOT NULL, "finish" varchar NOT NULL, "day_of_week" integer, "duration" integer, "store_routine_id" integer NOT NULL, "created_at" datetime NOT NULL, "updated_at" datetime NOT NULL)[0m
  ↳ db/migrate/20190624070803_create_store_shifts.rb:3
  [1m[36mActiveRecord::SchemaMigration Create (0.1ms)[0m  [1m[32mINSERT INTO "schema_migrations" ("version") VALUES (?)[0m  [["version", "20190624070803"]]
  ↳ bin/rake:9
  [1m[35m (1.4ms)[0m  [1m[36mcommit transaction[0m
  ↳ bin/rake:9
  [1m[36mActiveRecord::InternalMetadata Load (0.1ms)[0m  [1m[34mSELECT  "ar_internal_metadata".* FROM "ar_internal_metadata" WHERE "ar_internal_metadata"."key" = ? LIMIT ?[0m  [["key", "environment"], ["LIMIT", 1]]
  ↳ bin/rake:9
  [1m[35m (0.0ms)[0m  [1m[36mbegin transaction[0m
  ↳ bin/rake:9
  [1m[35m (0.0ms)[0m  [1m[36mcommit transaction[0m
  ↳ bin/rake:9
  [1m[35m (0.1ms)[0m  [1m[34mSELECT "schema_migrations"."version" FROM "schema_migrations" ORDER BY "schema_migrations"."version" ASC[0m
  ↳ bin/rake:9
Started GET "/store_shifts" for ::1 at 2019-06-24 12:43:29 +0530
  [1m[35m (0.1ms)[0m  [1m[34mSELECT "schema_migrations"."version" FROM "schema_migrations" ORDER BY "schema_migrations"."version" ASC[0m
  ↳ /Users/chaitanyayadav/.rvm/gems/ruby-2.5.3/gems/activerecord-5.2.3/lib/active_record/log_subscriber.rb:98
Processing by StoreShiftsController#index as */*
  Parameters: {"operator_id"=>161, "store_shift"=>{}}
  [1m[36mStoreShift Load (0.1ms)[0m  [1m[34mSELECT "store_shifts".* FROM "store_shifts"[0m
  ↳ app/controllers/store_shifts_controller.rb:8
Completed 200 OK in 1ms (Views: 0.5ms | ActiveRecord: 0.4ms)


Started GET "/store_routines" for ::1 at 2019-06-24 12:44:10 +0530
Processing by StoreRoutinesController#index as */*
  Parameters: {"operator_id"=>161, "store_routine"=>{}}
  [1m[36mStoreRoutine Load (0.1ms)[0m  [1m[34mSELECT "store_routines".* FROM "store_routines"[0m
  ↳ app/controllers/store_routines_controller.rb:8
Completed 200 OK in 1ms (Views: 0.6ms | ActiveRecord: 0.5ms)


Started POST "/store_routines" for ::1 at 2019-06-24 12:45:03 +0530
Processing by StoreRoutinesController#create as */*
  Parameters: {"name"=>"GapFill", "description"=>"Fill the items in the gaps", "store_routine"=>{"name"=>"GapFill", "description"=>"Fill the items in the gaps"}}
Completed 500 Internal Server Error in 5ms (ActiveRecord: 0.5ms)


  
ActiveModel::ForbiddenAttributesError (ActiveModel::ForbiddenAttributesError):
  
app/controllers/store_routines_controller.rb:18:in `create'
Started POST "/store_routines" for ::1 at 2019-06-24 12:47:01 +0530
Processing by StoreRoutinesController#create as */*
  Parameters: {"name"=>"GapFill", "description"=>"Fill the items in the gaps", "store_routine"=>{"name"=>"GapFill", "description"=>"Fill the items in the gaps"}}
  [1m[35m (0.1ms)[0m  [1m[36mbegin transaction[0m
  ↳ app/controllers/store_routines_controller.rb:20
  [1m[36mStoreRoutine Create (0.5ms)[0m  [1m[32mINSERT INTO "store_routines" ("name", "description", "created_at", "updated_at") VALUES (?, ?, ?, ?)[0m  [["name", "GapFill"], ["description", "Fill the items in the gaps"], ["created_at", "2019-06-24 07:17:01.381875"], ["updated_at", "2019-06-24 07:17:01.381875"]]
  ↳ app/controllers/store_routines_controller.rb:20
  [1m[35m (0.8ms)[0m  [1m[36mcommit transaction[0m
  ↳ app/controllers/store_routines_controller.rb:20
Completed 201 Created in 9ms (Views: 0.8ms | ActiveRecord: 2.2ms)


Started POST "/store_routines" for ::1 at 2019-06-24 12:47:48 +0530
Processing by StoreRoutinesController#create as */*
  Parameters: {"name"=>"ItemReset", "description"=>"Reset the items in the racks", "store_routine"=>{"name"=>"ItemReset", "description"=>"Reset the items in the racks"}}
  [1m[35m (0.1ms)[0m  [1m[36mbegin transaction[0m
  ↳ app/controllers/store_routines_controller.rb:20
  [1m[36mStoreRoutine Create (0.4ms)[0m  [1m[32mINSERT INTO "store_routines" ("name", "description", "created_at", "updated_at") VALUES (?, ?, ?, ?)[0m  [["name", "ItemReset"], ["description", "Reset the items in the racks"], ["created_at", "2019-06-24 07:17:48.257854"], ["updated_at", "2019-06-24 07:17:48.257854"]]
  ↳ app/controllers/store_routines_controller.rb:20
  [1m[35m (0.7ms)[0m  [1m[36mcommit transaction[0m
  ↳ app/controllers/store_routines_controller.rb:20
Completed 201 Created in 4ms (Views: 0.5ms | ActiveRecord: 1.2ms)


Started GET "/store_routines" for ::1 at 2019-06-24 12:47:58 +0530
Processing by StoreRoutinesController#index as */*
  Parameters: {"name"=>"ItemReset", "description"=>"Reset the items in the racks", "store_routine"=>{"name"=>"ItemReset", "description"=>"Reset the items in the racks"}}
  [1m[36mStoreRoutine Load (0.2ms)[0m  [1m[34mSELECT "store_routines".* FROM "store_routines"[0m
  ↳ app/controllers/store_routines_controller.rb:8
Completed 200 OK in 7ms (Views: 6.4ms | ActiveRecord: 0.2ms)


Started POST "/store_shifts" for ::1 at 2019-06-24 12:54:42 +0530
Processing by StoreShiftsController#create as */*
  Parameters: {"start"=>"06:00", "finish"=>"14:30", "day_of_week"=>1, "duration"=>8.5, "store_routine_id"=>1, "store_shift"=>{"start"=>"06:00", "finish"=>"14:30", "day_of_week"=>1, "duration"=>8.5, "store_routine_id"=>1}}
Completed 500 Internal Server Error in 6ms (ActiveRecord: 0.5ms)


  
ActiveModel::ForbiddenAttributesError (ActiveModel::ForbiddenAttributesError):
  
app/controllers/store_shifts_controller.rb:18:in `create'
Started POST "/store_shifts" for ::1 at 2019-06-24 12:56:18 +0530
Processing by StoreShiftsController#create as */*
  Parameters: {"start"=>"06:00", "finish"=>"14:30", "day_of_week"=>1, "duration"=>8.5, "store_routine_id"=>1, "store_shift"=>{"start"=>"06:00", "finish"=>"14:30", "day_of_week"=>1, "duration"=>8.5, "store_routine_id"=>1}}
  [1m[35m (0.0ms)[0m  [1m[36mbegin transaction[0m
  ↳ app/controllers/store_shifts_controller.rb:20
  [1m[36mStoreShift Create (0.3ms)[0m  [1m[32mINSERT INTO "store_shifts" ("start", "finish", "day_of_week", "duration", "store_routine_id", "created_at", "updated_at") VALUES (?, ?, ?, ?, ?, ?, ?)[0m  [["start", "06:00"], ["finish", "14:30"], ["day_of_week", 1], ["duration", 8], ["store_routine_id", 1], ["created_at", "2019-06-24 07:26:19.015947"], ["updated_at", "2019-06-24 07:26:19.015947"]]
  ↳ app/controllers/store_shifts_controller.rb:20
  [1m[35m (0.7ms)[0m  [1m[36mcommit transaction[0m
  ↳ app/controllers/store_shifts_controller.rb:20
Completed 201 Created in 9ms (Views: 0.6ms | ActiveRecord: 1.8ms)


Started POST "/store_shifts" for ::1 at 2019-06-24 12:56:23 +0530
Processing by StoreShiftsController#create as */*
  Parameters: {"start"=>"06:00", "finish"=>"14:30", "day_of_week"=>1, "duration"=>8.5, "store_routine_id"=>2, "store_shift"=>{"start"=>"06:00", "finish"=>"14:30", "day_of_week"=>1, "duration"=>8.5, "store_routine_id"=>2}}
  [1m[35m (0.0ms)[0m  [1m[36mbegin transaction[0m
  ↳ app/controllers/store_shifts_controller.rb:20
  [1m[36mStoreShift Create (0.3ms)[0m  [1m[32mINSERT INTO "store_shifts" ("start", "finish", "day_of_week", "duration", "store_routine_id", "created_at", "updated_at") VALUES (?, ?, ?, ?, ?, ?, ?)[0m  [["start", "06:00"], ["finish", "14:30"], ["day_of_week", 1], ["duration", 8], ["store_routine_id", 2], ["created_at", "2019-06-24 07:26:23.499946"], ["updated_at", "2019-06-24 07:26:23.499946"]]
  ↳ app/controllers/store_shifts_controller.rb:20
  [1m[35m (0.6ms)[0m  [1m[36mcommit transaction[0m
  ↳ app/controllers/store_shifts_controller.rb:20
Completed 201 Created in 3ms (Views: 0.5ms | ActiveRecord: 1.0ms)


Started POST "/store_shifts" for ::1 at 2019-06-24 12:56:34 +0530
Processing by StoreShiftsController#create as */*
  Parameters: {"start"=>"06:00", "finish"=>"14:30", "day_of_week"=>2, "duration"=>8.5, "store_routine_id"=>2, "store_shift"=>{"start"=>"06:00", "finish"=>"14:30", "day_of_week"=>2, "duration"=>8.5, "store_routine_id"=>2}}
  [1m[35m (0.1ms)[0m  [1m[36mbegin transaction[0m
  ↳ app/controllers/store_shifts_controller.rb:20
  [1m[36mStoreShift Create (0.4ms)[0m  [1m[32mINSERT INTO "store_shifts" ("start", "finish", "day_of_week", "duration", "store_routine_id", "created_at", "updated_at") VALUES (?, ?, ?, ?, ?, ?, ?)[0m  [["start", "06:00"], ["finish", "14:30"], ["day_of_week", 2], ["duration", 8], ["store_routine_id", 2], ["created_at", "2019-06-24 07:26:34.216967"], ["updated_at", "2019-06-24 07:26:34.216967"]]
  ↳ app/controllers/store_shifts_controller.rb:20
  [1m[35m (0.7ms)[0m  [1m[36mcommit transaction[0m
  ↳ app/controllers/store_shifts_controller.rb:20
Completed 201 Created in 4ms (Views: 0.5ms | ActiveRecord: 1.1ms)


Started POST "/store_shifts" for ::1 at 2019-06-24 12:56:36 +0530
Processing by StoreShiftsController#create as */*
  Parameters: {"start"=>"06:00", "finish"=>"14:30", "day_of_week"=>2, "duration"=>8.5, "store_routine_id"=>1, "store_shift"=>{"start"=>"06:00", "finish"=>"14:30", "day_of_week"=>2, "duration"=>8.5, "store_routine_id"=>1}}
  [1m[35m (0.0ms)[0m  [1m[36mbegin transaction[0m
  ↳ app/controllers/store_shifts_controller.rb:20
  [1m[36mStoreShift Create (0.3ms)[0m  [1m[32mINSERT INTO "store_shifts" ("start", "finish", "day_of_week", "duration", "store_routine_id", "created_at", "updated_at") VALUES (?, ?, ?, ?, ?, ?, ?)[0m  [["start", "06:00"], ["finish", "14:30"], ["day_of_week", 2], ["duration", 8], ["store_routine_id", 1], ["created_at", "2019-06-24 07:26:36.987822"], ["updated_at", "2019-06-24 07:26:36.987822"]]
  ↳ app/controllers/store_shifts_controller.rb:20
  [1m[35m (0.7ms)[0m  [1m[36mcommit transaction[0m
  ↳ app/controllers/store_shifts_controller.rb:20
Completed 201 Created in 3ms (Views: 0.4ms | ActiveRecord: 1.0ms)


Started POST "/store_shifts" for ::1 at 2019-06-24 12:56:46 +0530
Processing by StoreShiftsController#create as */*
  Parameters: {"start"=>"06:00", "finish"=>"14:30", "day_of_week"=>3, "duration"=>8.5, "store_routine_id"=>1, "store_shift"=>{"start"=>"06:00", "finish"=>"14:30", "day_of_week"=>3, "duration"=>8.5, "store_routine_id"=>1}}
  [1m[35m (0.1ms)[0m  [1m[36mbegin transaction[0m
  ↳ app/controllers/store_shifts_controller.rb:20
  [1m[36mStoreShift Create (0.3ms)[0m  [1m[32mINSERT INTO "store_shifts" ("start", "finish", "day_of_week", "duration", "store_routine_id", "created_at", "updated_at") VALUES (?, ?, ?, ?, ?, ?, ?)[0m  [["start", "06:00"], ["finish", "14:30"], ["day_of_week", 3], ["duration", 8], ["store_routine_id", 1], ["created_at", "2019-06-24 07:26:46.726770"], ["updated_at", "2019-06-24 07:26:46.726770"]]
  ↳ app/controllers/store_shifts_controller.rb:20
  [1m[35m (0.7ms)[0m  [1m[36mcommit transaction[0m
  ↳ app/controllers/store_shifts_controller.rb:20
Completed 201 Created in 4ms (Views: 0.5ms | ActiveRecord: 1.1ms)


Started POST "/store_shifts" for ::1 at 2019-06-24 12:56:49 +0530
Processing by StoreShiftsController#create as */*
  Parameters: {"start"=>"06:00", "finish"=>"14:30", "day_of_week"=>3, "duration"=>8.5, "store_routine_id"=>2, "store_shift"=>{"start"=>"06:00", "finish"=>"14:30", "day_of_week"=>3, "duration"=>8.5, "store_routine_id"=>2}}
  [1m[35m (0.1ms)[0m  [1m[36mbegin transaction[0m
  ↳ app/controllers/store_shifts_controller.rb:20
  [1m[36mStoreShift Create (0.4ms)[0m  [1m[32mINSERT INTO "store_shifts" ("start", "finish", "day_of_week", "duration", "store_routine_id", "created_at", "updated_at") VALUES (?, ?, ?, ?, ?, ?, ?)[0m  [["start", "06:00"], ["finish", "14:30"], ["day_of_week", 3], ["duration", 8], ["store_routine_id", 2], ["created_at", "2019-06-24 07:26:49.638626"], ["updated_at", "2019-06-24 07:26:49.638626"]]
  ↳ app/controllers/store_shifts_controller.rb:20
  [1m[35m (0.7ms)[0m  [1m[36mcommit transaction[0m
  ↳ app/controllers/store_shifts_controller.rb:20
Completed 201 Created in 4ms (Views: 0.5ms | ActiveRecord: 1.2ms)


Started POST "/store_shifts" for ::1 at 2019-06-24 12:56:53 +0530
Processing by StoreShiftsController#create as */*
  Parameters: {"start"=>"06:00", "finish"=>"14:30", "day_of_week"=>4, "duration"=>8.5, "store_routine_id"=>2, "store_shift"=>{"start"=>"06:00", "finish"=>"14:30", "day_of_week"=>4, "duration"=>8.5, "store_routine_id"=>2}}
  [1m[35m (0.0ms)[0m  [1m[36mbegin transaction[0m
  ↳ app/controllers/store_shifts_controller.rb:20
  [1m[36mStoreShift Create (0.3ms)[0m  [1m[32mINSERT INTO "store_shifts" ("start", "finish", "day_of_week", "duration", "store_routine_id", "created_at", "updated_at") VALUES (?, ?, ?, ?, ?, ?, ?)[0m  [["start", "06:00"], ["finish", "14:30"], ["day_of_week", 4], ["duration", 8], ["store_routine_id", 2], ["created_at", "2019-06-24 07:26:53.386969"], ["updated_at", "2019-06-24 07:26:53.386969"]]
  ↳ app/controllers/store_shifts_controller.rb:20
  [1m[35m (0.7ms)[0m  [1m[36mcommit transaction[0m
  ↳ app/controllers/store_shifts_controller.rb:20
Completed 201 Created in 3ms (Views: 0.5ms | ActiveRecord: 1.1ms)


Started POST "/store_shifts" for ::1 at 2019-06-24 12:56:56 +0530
Processing by StoreShiftsController#create as */*
  Parameters: {"start"=>"06:00", "finish"=>"14:30", "day_of_week"=>4, "duration"=>8.5, "store_routine_id"=>1, "store_shift"=>{"start"=>"06:00", "finish"=>"14:30", "day_of_week"=>4, "duration"=>8.5, "store_routine_id"=>1}}
  [1m[35m (0.1ms)[0m  [1m[36mbegin transaction[0m
  ↳ app/controllers/store_shifts_controller.rb:20
  [1m[36mStoreShift Create (0.9ms)[0m  [1m[32mINSERT INTO "store_shifts" ("start", "finish", "day_of_week", "duration", "store_routine_id", "created_at", "updated_at") VALUES (?, ?, ?, ?, ?, ?, ?)[0m  [["start", "06:00"], ["finish", "14:30"], ["day_of_week", 4], ["duration", 8], ["store_routine_id", 1], ["created_at", "2019-06-24 07:26:56.662745"], ["updated_at", "2019-06-24 07:26:56.662745"]]
  ↳ app/controllers/store_shifts_controller.rb:20
  [1m[35m (1.3ms)[0m  [1m[36mcommit transaction[0m
  ↳ app/controllers/store_shifts_controller.rb:20
Completed 201 Created in 6ms (Views: 0.5ms | ActiveRecord: 2.3ms)


Started POST "/store_shifts" for ::1 at 2019-06-24 12:57:00 +0530
Processing by StoreShiftsController#create as */*
  Parameters: {"start"=>"06:00", "finish"=>"14:30", "day_of_week"=>5, "duration"=>8.5, "store_routine_id"=>1, "store_shift"=>{"start"=>"06:00", "finish"=>"14:30", "day_of_week"=>5, "duration"=>8.5, "store_routine_id"=>1}}
  [1m[35m (0.1ms)[0m  [1m[36mbegin transaction[0m
  ↳ app/controllers/store_shifts_controller.rb:20
  [1m[36mStoreShift Create (0.5ms)[0m  [1m[32mINSERT INTO "store_shifts" ("start", "finish", "day_of_week", "duration", "store_routine_id", "created_at", "updated_at") VALUES (?, ?, ?, ?, ?, ?, ?)[0m  [["start", "06:00"], ["finish", "14:30"], ["day_of_week", 5], ["duration", 8], ["store_routine_id", 1], ["created_at", "2019-06-24 07:27:00.285301"], ["updated_at", "2019-06-24 07:27:00.285301"]]
  ↳ app/controllers/store_shifts_controller.rb:20
  [1m[35m (0.7ms)[0m  [1m[36mcommit transaction[0m
  ↳ app/controllers/store_shifts_controller.rb:20
Completed 201 Created in 4ms (Views: 0.6ms | ActiveRecord: 1.2ms)


Started POST "/store_shifts" for ::1 at 2019-06-24 12:57:03 +0530
Processing by StoreShiftsController#create as */*
  Parameters: {"start"=>"06:00", "finish"=>"14:30", "day_of_week"=>5, "duration"=>8.5, "store_routine_id"=>2, "store_shift"=>{"start"=>"06:00", "finish"=>"14:30", "day_of_week"=>5, "duration"=>8.5, "store_routine_id"=>2}}
  [1m[35m (0.1ms)[0m  [1m[36mbegin transaction[0m
  ↳ app/controllers/store_shifts_controller.rb:20
  [1m[36mStoreShift Create (0.3ms)[0m  [1m[32mINSERT INTO "store_shifts" ("start", "finish", "day_of_week", "duration", "store_routine_id", "created_at", "updated_at") VALUES (?, ?, ?, ?, ?, ?, ?)[0m  [["start", "06:00"], ["finish", "14:30"], ["day_of_week", 5], ["duration", 8], ["store_routine_id", 2], ["created_at", "2019-06-24 07:27:03.116121"], ["updated_at", "2019-06-24 07:27:03.116121"]]
  ↳ app/controllers/store_shifts_controller.rb:20
  [1m[35m (0.7ms)[0m  [1m[36mcommit transaction[0m
  ↳ app/controllers/store_shifts_controller.rb:20
Completed 201 Created in 3ms (Views: 0.4ms | ActiveRecord: 1.1ms)


Started POST "/store_shifts" for ::1 at 2019-06-24 12:57:07 +0530
Processing by StoreShiftsController#create as */*
  Parameters: {"start"=>"06:00", "finish"=>"14:30", "day_of_week"=>6, "duration"=>8.5, "store_routine_id"=>2, "store_shift"=>{"start"=>"06:00", "finish"=>"14:30", "day_of_week"=>6, "duration"=>8.5, "store_routine_id"=>2}}
  [1m[35m (0.1ms)[0m  [1m[36mbegin transaction[0m
  ↳ app/controllers/store_shifts_controller.rb:20
  [1m[36mStoreShift Create (0.7ms)[0m  [1m[32mINSERT INTO "store_shifts" ("start", "finish", "day_of_week", "duration", "store_routine_id", "created_at", "updated_at") VALUES (?, ?, ?, ?, ?, ?, ?)[0m  [["start", "06:00"], ["finish", "14:30"], ["day_of_week", 6], ["duration", 8], ["store_routine_id", 2], ["created_at", "2019-06-24 07:27:07.217600"], ["updated_at", "2019-06-24 07:27:07.217600"]]
  ↳ app/controllers/store_shifts_controller.rb:20
  [1m[35m (1.3ms)[0m  [1m[36mcommit transaction[0m
  ↳ app/controllers/store_shifts_controller.rb:20
Completed 201 Created in 6ms (Views: 0.7ms | ActiveRecord: 2.0ms)


Started POST "/store_shifts" for ::1 at 2019-06-24 12:57:11 +0530
Processing by StoreShiftsController#create as */*
  Parameters: {"start"=>"06:00", "finish"=>"14:30", "day_of_week"=>6, "duration"=>8.5, "store_routine_id"=>1, "store_shift"=>{"start"=>"06:00", "finish"=>"14:30", "day_of_week"=>6, "duration"=>8.5, "store_routine_id"=>1}}
  [1m[35m (0.1ms)[0m  [1m[36mbegin transaction[0m
  ↳ app/controllers/store_shifts_controller.rb:20
  [1m[36mStoreShift Create (0.4ms)[0m  [1m[32mINSERT INTO "store_shifts" ("start", "finish", "day_of_week", "duration", "store_routine_id", "created_at", "updated_at") VALUES (?, ?, ?, ?, ?, ?, ?)[0m  [["start", "06:00"], ["finish", "14:30"], ["day_of_week", 6], ["duration", 8], ["store_routine_id", 1], ["created_at", "2019-06-24 07:27:11.302434"], ["updated_at", "2019-06-24 07:27:11.302434"]]
  ↳ app/controllers/store_shifts_controller.rb:20
  [1m[35m (0.8ms)[0m  [1m[36mcommit transaction[0m
  ↳ app/controllers/store_shifts_controller.rb:20
Completed 201 Created in 4ms (Views: 0.6ms | ActiveRecord: 1.3ms)


Started POST "/store_shifts" for ::1 at 2019-06-24 12:57:16 +0530
Processing by StoreShiftsController#create as */*
  Parameters: {"start"=>"06:00", "finish"=>"14:30", "day_of_week"=>7, "duration"=>8.5, "store_routine_id"=>1, "store_shift"=>{"start"=>"06:00", "finish"=>"14:30", "day_of_week"=>7, "duration"=>8.5, "store_routine_id"=>1}}
  [1m[35m (0.1ms)[0m  [1m[36mbegin transaction[0m
  ↳ app/controllers/store_shifts_controller.rb:20
  [1m[36mStoreShift Create (0.4ms)[0m  [1m[32mINSERT INTO "store_shifts" ("start", "finish", "day_of_week", "duration", "store_routine_id", "created_at", "updated_at") VALUES (?, ?, ?, ?, ?, ?, ?)[0m  [["start", "06:00"], ["finish", "14:30"], ["day_of_week", 7], ["duration", 8], ["store_routine_id", 1], ["created_at", "2019-06-24 07:27:16.256591"], ["updated_at", "2019-06-24 07:27:16.256591"]]
  ↳ app/controllers/store_shifts_controller.rb:20
  [1m[35m (0.7ms)[0m  [1m[36mcommit transaction[0m
  ↳ app/controllers/store_shifts_controller.rb:20
Completed 201 Created in 4ms (Views: 0.5ms | ActiveRecord: 1.2ms)


Started POST "/store_shifts" for ::1 at 2019-06-24 12:57:20 +0530
Processing by StoreShiftsController#create as */*
  Parameters: {"start"=>"06:00", "finish"=>"14:30", "day_of_week"=>7, "duration"=>8.5, "store_routine_id"=>2, "store_shift"=>{"start"=>"06:00", "finish"=>"14:30", "day_of_week"=>7, "duration"=>8.5, "store_routine_id"=>2}}
  [1m[35m (0.1ms)[0m  [1m[36mbegin transaction[0m
  ↳ app/controllers/store_shifts_controller.rb:20
  [1m[36mStoreShift Create (0.4ms)[0m  [1m[32mINSERT INTO "store_shifts" ("start", "finish", "day_of_week", "duration", "store_routine_id", "created_at", "updated_at") VALUES (?, ?, ?, ?, ?, ?, ?)[0m  [["start", "06:00"], ["finish", "14:30"], ["day_of_week", 7], ["duration", 8], ["store_routine_id", 2], ["created_at", "2019-06-24 07:27:20.249757"], ["updated_at", "2019-06-24 07:27:20.249757"]]
  ↳ app/controllers/store_shifts_controller.rb:20
  [1m[35m (0.8ms)[0m  [1m[36mcommit transaction[0m
  ↳ app/controllers/store_shifts_controller.rb:20
Completed 201 Created in 4ms (Views: 0.5ms | ActiveRecord: 1.3ms)


Started GET "/store_shifts" for ::1 at 2019-06-24 12:57:57 +0530
Processing by StoreShiftsController#index as */*
  Parameters: {"start"=>"06:00", "finish"=>"14:30", "day_of_week"=>7, "duration"=>8.5, "store_routine_id"=>2, "store_shift"=>{"start"=>"06:00", "finish"=>"14:30", "day_of_week"=>7, "duration"=>8.5, "store_routine_id"=>2}}
  [1m[36mStoreShift Load (0.2ms)[0m  [1m[34mSELECT "store_shifts".* FROM "store_shifts"[0m
  ↳ app/controllers/store_shifts_controller.rb:8
Completed 200 OK in 3ms (Views: 2.9ms | ActiveRecord: 0.2ms)


Started GET "/" for ::1 at 2019-06-24 13:49:12 +0530
Processing by Rails::WelcomeController#index as HTML
  Rendering /Users/chaitanyayadav/.rvm/gems/ruby-2.5.3/gems/railties-5.2.3/lib/rails/templates/rails/welcome/index.html.erb
  Rendered /Users/chaitanyayadav/.rvm/gems/ruby-2.5.3/gems/railties-5.2.3/lib/rails/templates/rails/welcome/index.html.erb (3.0ms)
Completed 200 OK in 13ms (Views: 10.0ms | ActiveRecord: 0.0ms)


Started GET "/favicon.ico" for ::1 at 2019-06-24 13:49:13 +0530
  
ActionController::RoutingError (No route matches [GET] "/favicon.ico"):
  
actionpack (5.2.3) lib/action_dispatch/middleware/debug_exceptions.rb:65:in `call'
actionpack (5.2.3) lib/action_dispatch/middleware/show_exceptions.rb:33:in `call'
railties (5.2.3) lib/rails/rack/logger.rb:38:in `call_app'
railties (5.2.3) lib/rails/rack/logger.rb:26:in `block in call'
activesupport (5.2.3) lib/active_support/tagged_logging.rb:71:in `block in tagged'
activesupport (5.2.3) lib/active_support/tagged_logging.rb:28:in `tagged'
activesupport (5.2.3) lib/active_support/tagged_logging.rb:71:in `tagged'
railties (5.2.3) lib/rails/rack/logger.rb:26:in `call'
actionpack (5.2.3) lib/action_dispatch/middleware/remote_ip.rb:81:in `call'
actionpack (5.2.3) lib/action_dispatch/middleware/request_id.rb:27:in `call'
rack (2.0.7) lib/rack/runtime.rb:22:in `call'
activesupport (5.2.3) lib/active_support/cache/strategy/local_cache_middleware.rb:29:in `call'
actionpack (5.2.3) lib/action_dispatch/middleware/executor.rb:14:in `call'
actionpack (5.2.3) lib/action_dispatch/middleware/static.rb:127:in `call'
rack (2.0.7) lib/rack/sendfile.rb:111:in `call'
railties (5.2.3) lib/rails/engine.rb:524:in `call'
puma (3.12.1) lib/puma/configuration.rb:227:in `call'
puma (3.12.1) lib/puma/server.rb:660:in `handle_request'
puma (3.12.1) lib/puma/server.rb:474:in `process_client'
puma (3.12.1) lib/puma/server.rb:334:in `block in run'
puma (3.12.1) lib/puma/thread_pool.rb:135:in `block in spawn_thread'
Started GET "/store_routines" for ::1 at 2019-06-24 14:40:30 +0530
Processing by StoreRoutinesController#index as */*
  Parameters: {"start"=>"06:00", "finish"=>"14:30", "day_of_week"=>7, "duration"=>8.5, "store_routine_id"=>2, "store_routine"=>{}}
  [1m[36mStoreRoutine Load (0.1ms)[0m  [1m[34mSELECT "store_routines".* FROM "store_routines"[0m
  ↳ app/controllers/store_routines_controller.rb:8
Completed 200 OK in 5ms (Views: 4.3ms | ActiveRecord: 0.7ms)


Started GET "/store_routines" for ::1 at 2019-06-24 17:56:50 +0530
Processing by StoreRoutinesController#index as */*
  [1m[36mStoreRoutine Load (0.1ms)[0m  [1m[34mSELECT "store_routines".* FROM "store_routines"[0m
  ↳ app/controllers/store_routines_controller.rb:8
Completed 200 OK in 1ms (Views: 0.8ms | ActiveRecord: 0.1ms)


Started GET "/store_routines" for ::1 at 2019-06-24 17:56:55 +0530
Processing by StoreRoutinesController#index as */*
  [1m[36mStoreRoutine Load (0.1ms)[0m  [1m[34mSELECT "store_routines".* FROM "store_routines"[0m
  ↳ app/controllers/store_routines_controller.rb:8
Completed 200 OK in 1ms (Views: 0.9ms | ActiveRecord: 0.1ms)


Started GET "/store_routines" for ::1 at 2019-06-24 17:57:29 +0530
Processing by StoreRoutinesController#index as */*
  [1m[36mStoreRoutine Load (0.2ms)[0m  [1m[34mSELECT "store_routines".* FROM "store_routines"[0m
  ↳ app/controllers/store_routines_controller.rb:8
Completed 200 OK in 1ms (Views: 1.0ms | ActiveRecord: 0.2ms)


Started GET "/store_routines" for ::1 at 2019-06-24 17:57:30 +0530
Processing by StoreRoutinesController#index as */*
  [1m[36mStoreRoutine Load (0.1ms)[0m  [1m[34mSELECT "store_routines".* FROM "store_routines"[0m
  ↳ app/controllers/store_routines_controller.rb:8
Completed 200 OK in 1ms (Views: 0.7ms | ActiveRecord: 0.1ms)


Started GET "/store_routines" for ::1 at 2019-06-24 18:03:15 +0530
  [1m[35m (0.2ms)[0m  [1m[34mSELECT "schema_migrations"."version" FROM "schema_migrations" ORDER BY "schema_migrations"."version" ASC[0m
  ↳ /Users/chaitanyayadav/.rvm/gems/ruby-2.5.3/gems/activerecord-5.2.3/lib/active_record/log_subscriber.rb:98
Processing by StoreRoutinesController#index as */*
  [1m[36mStoreRoutine Load (0.2ms)[0m  [1m[34mSELECT "store_routines".* FROM "store_routines"[0m
  ↳ app/controllers/store_routines_controller.rb:8
Completed 200 OK in 11ms (Views: 7.4ms | ActiveRecord: 0.7ms)


Started GET "/store_routines" for ::1 at 2019-06-24 18:03:20 +0530
Processing by StoreRoutinesController#index as */*
  [1m[36mStoreRoutine Load (0.1ms)[0m  [1m[34mSELECT "store_routines".* FROM "store_routines"[0m
  ↳ app/controllers/store_routines_controller.rb:8
Completed 200 OK in 2ms (Views: 1.2ms | ActiveRecord: 0.1ms)


